<?xml version="1.0" encoding="UTF-8"?>
<!-- Generated by org.testng.reporters.JUnitReportReporter -->
<testsuite hostname="user" failures="0" tests="1" name="test.Testdemo" time="31.786" errors="0" timestamp="2024-01-10T21:11:24 IST" skipped="0">
  <testcase classname="test.Testdemo" name="test" time="31.786"/>
</testsuite> <!-- test.Testdemo -->
